This is pdfTeX, Version 3.141592653-2.6-1.40.25 (TeX Live 2023/Homebrew) (preloaded format=pdflatex 2023.9.21)  15 APR 2024 18:59
entering extended mode
 restricted \write18 enabled.
 %&-line parsing enabled.
**main.tex
(./main.tex
LaTeX2e <2022-11-01> patch level 1
L3 programming layer <2023-02-22>
(/usr/local/Cellar/texlive/20230313_2/share/texmf-dist/tex/latex/base/article.c
ls
Document Class: article 2022/07/02 v1.4n Standard LaTeX document class

(/usr/local/Cellar/texlive/20230313_2/share/texmf-dist/tex/latex/base/size10.cl
o
File: size10.clo 2022/07/02 v1.4n Standard LaTeX file (size option)
)
\c@part=\count185
\c@section=\count186
\c@subsection=\count187
\c@subsubsection=\count188
\c@paragraph=\count189
\c@subparagraph=\count190
\c@figure=\count191
\c@table=\count192
\abovecaptionskip=\skip48
\belowcaptionskip=\skip49
\bibindent=\dimen140
)
(/usr/local/Cellar/texlive/20230313_2/share/texmf-dist/tex/latex/float/float.st
y
Package: float 2001/11/08 v1.3d Float enhancements (AL)
\c@float@type=\count193
\float@exts=\toks16
\float@box=\box51
\@float@everytoks=\toks17
\@floatcapt=\box52
)
(/usr/local/Cellar/texlive/20230313_2/share/texmf-dist/tex/latex/circuitikz/cir
cuitikz.sty
Package: circuitikz 2023/02/11{} The CircuiTikz circuit drawing package version
 1.6.1

(/usr/local/Cellar/texlive/20230313_2/share/texmf-dist/tex/latex/pgf/frontendla
yer/tikz.sty
(/usr/local/Cellar/texlive/20230313_2/share/texmf-dist/tex/latex/pgf/basiclayer
/pgf.sty
(/usr/local/Cellar/texlive/20230313_2/share/texmf-dist/tex/latex/pgf/utilities/
pgfrcs.sty
(/usr/local/Cellar/texlive/20230313_2/share/texmf-dist/tex/generic/pgf/utilitie
s/pgfutil-common.tex
\pgfutil@everybye=\toks18
\pgfutil@tempdima=\dimen141
\pgfutil@tempdimb=\dimen142
)
(/usr/local/Cellar/texlive/20230313_2/share/texmf-dist/tex/generic/pgf/utilitie
s/pgfutil-latex.def
\pgfutil@abb=\box53
)
(/usr/local/Cellar/texlive/20230313_2/share/texmf-dist/tex/generic/pgf/utilitie
s/pgfrcs.code.tex
(/usr/local/Cellar/texlive/20230313_2/share/texmf-dist/tex/generic/pgf/pgf.revi
sion.tex)
Package: pgfrcs 2023-01-15 v3.1.10 (3.1.10)
))
Package: pgf 2023-01-15 v3.1.10 (3.1.10)

(/usr/local/Cellar/texlive/20230313_2/share/texmf-dist/tex/latex/pgf/basiclayer
/pgfcore.sty
(/usr/local/Cellar/texlive/20230313_2/share/texmf-dist/tex/latex/graphics/graph
icx.sty
Package: graphicx 2021/09/16 v1.2d Enhanced LaTeX Graphics (DPC,SPQR)

(/usr/local/Cellar/texlive/20230313_2/share/texmf-dist/tex/latex/graphics/keyva
l.sty
Package: keyval 2022/05/29 v1.15 key=value parser (DPC)
\KV@toks@=\toks19
)
(/usr/local/Cellar/texlive/20230313_2/share/texmf-dist/tex/latex/graphics/graph
ics.sty
Package: graphics 2022/03/10 v1.4e Standard LaTeX Graphics (DPC,SPQR)

(/usr/local/Cellar/texlive/20230313_2/share/texmf-dist/tex/latex/graphics/trig.
sty
Package: trig 2021/08/11 v1.11 sin cos tan (DPC)
)
(/usr/local/Cellar/texlive/20230313_2/share/texmf-dist/tex/latex/graphics-cfg/g
raphics.cfg
File: graphics.cfg 2016/06/04 v1.11 sample graphics configuration
)
Package graphics Info: Driver file: pdftex.def on input line 107.

(/usr/local/Cellar/texlive/20230313_2/share/texmf-dist/tex/latex/graphics-def/p
dftex.def
File: pdftex.def 2022/09/22 v1.2b Graphics/color driver for pdftex
))
\Gin@req@height=\dimen143
\Gin@req@width=\dimen144
)
(/usr/local/Cellar/texlive/20230313_2/share/texmf-dist/tex/latex/pgf/systemlaye
r/pgfsys.sty
(/usr/local/Cellar/texlive/20230313_2/share/texmf-dist/tex/generic/pgf/systemla
yer/pgfsys.code.tex
Package: pgfsys 2023-01-15 v3.1.10 (3.1.10)

(/usr/local/Cellar/texlive/20230313_2/share/texmf-dist/tex/generic/pgf/utilitie
s/pgfkeys.code.tex
\pgfkeys@pathtoks=\toks20
\pgfkeys@temptoks=\toks21

(/usr/local/Cellar/texlive/20230313_2/share/texmf-dist/tex/generic/pgf/utilitie
s/pgfkeyslibraryfiltered.code.tex
\pgfkeys@tmptoks=\toks22
))
\pgf@x=\dimen145
\pgf@y=\dimen146
\pgf@xa=\dimen147
\pgf@ya=\dimen148
\pgf@xb=\dimen149
\pgf@yb=\dimen150
\pgf@xc=\dimen151
\pgf@yc=\dimen152
\pgf@xd=\dimen153
\pgf@yd=\dimen154
\w@pgf@writea=\write3
\r@pgf@reada=\read2
\c@pgf@counta=\count194
\c@pgf@countb=\count195
\c@pgf@countc=\count196
\c@pgf@countd=\count197
\t@pgf@toka=\toks23
\t@pgf@tokb=\toks24
\t@pgf@tokc=\toks25
\pgf@sys@id@count=\count198

(/usr/local/Cellar/texlive/20230313_2/share/texmf-dist/tex/generic/pgf/systemla
yer/pgf.cfg
File: pgf.cfg 2023-01-15 v3.1.10 (3.1.10)
)
Driver file for pgf: pgfsys-pdftex.def

(/usr/local/Cellar/texlive/20230313_2/share/texmf-dist/tex/generic/pgf/systemla
yer/pgfsys-pdftex.def
File: pgfsys-pdftex.def 2023-01-15 v3.1.10 (3.1.10)

(/usr/local/Cellar/texlive/20230313_2/share/texmf-dist/tex/generic/pgf/systemla
yer/pgfsys-common-pdf.def
File: pgfsys-common-pdf.def 2023-01-15 v3.1.10 (3.1.10)
)))
(/usr/local/Cellar/texlive/20230313_2/share/texmf-dist/tex/generic/pgf/systemla
yer/pgfsyssoftpath.code.tex
File: pgfsyssoftpath.code.tex 2023-01-15 v3.1.10 (3.1.10)
\pgfsyssoftpath@smallbuffer@items=\count199
\pgfsyssoftpath@bigbuffer@items=\count266
)
(/usr/local/Cellar/texlive/20230313_2/share/texmf-dist/tex/generic/pgf/systemla
yer/pgfsysprotocol.code.tex
File: pgfsysprotocol.code.tex 2023-01-15 v3.1.10 (3.1.10)
))
(/usr/local/Cellar/texlive/20230313_2/share/texmf-dist/tex/latex/xcolor/xcolor.
sty
Package: xcolor 2022/06/12 v2.14 LaTeX color extensions (UK)

(/usr/local/Cellar/texlive/20230313_2/share/texmf-dist/tex/latex/graphics-cfg/c
olor.cfg
File: color.cfg 2016/01/02 v1.6 sample color configuration
)
Package xcolor Info: Driver file: pdftex.def on input line 227.

(/usr/local/Cellar/texlive/20230313_2/share/texmf-dist/tex/latex/graphics/mathc
olor.ltx)
Package xcolor Info: Model `cmy' substituted by `cmy0' on input line 1353.
Package xcolor Info: Model `hsb' substituted by `rgb' on input line 1357.
Package xcolor Info: Model `RGB' extended on input line 1369.
Package xcolor Info: Model `HTML' substituted by `rgb' on input line 1371.
Package xcolor Info: Model `Hsb' substituted by `hsb' on input line 1372.
Package xcolor Info: Model `tHsb' substituted by `hsb' on input line 1373.
Package xcolor Info: Model `HSB' substituted by `hsb' on input line 1374.
Package xcolor Info: Model `Gray' substituted by `gray' on input line 1375.
Package xcolor Info: Model `wave' substituted by `hsb' on input line 1376.
)
(/usr/local/Cellar/texlive/20230313_2/share/texmf-dist/tex/generic/pgf/basiclay
er/pgfcore.code.tex
Package: pgfcore 2023-01-15 v3.1.10 (3.1.10)

(/usr/local/Cellar/texlive/20230313_2/share/texmf-dist/tex/generic/pgf/math/pgf
math.code.tex
(/usr/local/Cellar/texlive/20230313_2/share/texmf-dist/tex/generic/pgf/math/pgf
mathutil.code.tex)
(/usr/local/Cellar/texlive/20230313_2/share/texmf-dist/tex/generic/pgf/math/pgf
mathparser.code.tex
\pgfmath@dimen=\dimen155
\pgfmath@count=\count267
\pgfmath@box=\box54
\pgfmath@toks=\toks26
\pgfmath@stack@operand=\toks27
\pgfmath@stack@operation=\toks28
)
(/usr/local/Cellar/texlive/20230313_2/share/texmf-dist/tex/generic/pgf/math/pgf
mathfunctions.code.tex)
(/usr/local/Cellar/texlive/20230313_2/share/texmf-dist/tex/generic/pgf/math/pgf
mathfunctions.basic.code.tex)
(/usr/local/Cellar/texlive/20230313_2/share/texmf-dist/tex/generic/pgf/math/pgf
mathfunctions.trigonometric.code.tex)
(/usr/local/Cellar/texlive/20230313_2/share/texmf-dist/tex/generic/pgf/math/pgf
mathfunctions.random.code.tex)
(/usr/local/Cellar/texlive/20230313_2/share/texmf-dist/tex/generic/pgf/math/pgf
mathfunctions.comparison.code.tex)
(/usr/local/Cellar/texlive/20230313_2/share/texmf-dist/tex/generic/pgf/math/pgf
mathfunctions.base.code.tex)
(/usr/local/Cellar/texlive/20230313_2/share/texmf-dist/tex/generic/pgf/math/pgf
mathfunctions.round.code.tex)
(/usr/local/Cellar/texlive/20230313_2/share/texmf-dist/tex/generic/pgf/math/pgf
mathfunctions.misc.code.tex)
(/usr/local/Cellar/texlive/20230313_2/share/texmf-dist/tex/generic/pgf/math/pgf
mathfunctions.integerarithmetics.code.tex)
(/usr/local/Cellar/texlive/20230313_2/share/texmf-dist/tex/generic/pgf/math/pgf
mathcalc.code.tex)
(/usr/local/Cellar/texlive/20230313_2/share/texmf-dist/tex/generic/pgf/math/pgf
mathfloat.code.tex
\c@pgfmathroundto@lastzeros=\count268
))
(/usr/local/Cellar/texlive/20230313_2/share/texmf-dist/tex/generic/pgf/math/pgf
int.code.tex)
(/usr/local/Cellar/texlive/20230313_2/share/texmf-dist/tex/generic/pgf/basiclay
er/pgfcorepoints.code.tex
File: pgfcorepoints.code.tex 2023-01-15 v3.1.10 (3.1.10)
\pgf@picminx=\dimen156
\pgf@picmaxx=\dimen157
\pgf@picminy=\dimen158
\pgf@picmaxy=\dimen159
\pgf@pathminx=\dimen160
\pgf@pathmaxx=\dimen161
\pgf@pathminy=\dimen162
\pgf@pathmaxy=\dimen163
\pgf@xx=\dimen164
\pgf@xy=\dimen165
\pgf@yx=\dimen166
\pgf@yy=\dimen167
\pgf@zx=\dimen168
\pgf@zy=\dimen169
)
(/usr/local/Cellar/texlive/20230313_2/share/texmf-dist/tex/generic/pgf/basiclay
er/pgfcorepathconstruct.code.tex
File: pgfcorepathconstruct.code.tex 2023-01-15 v3.1.10 (3.1.10)
\pgf@path@lastx=\dimen170
\pgf@path@lasty=\dimen171
)
(/usr/local/Cellar/texlive/20230313_2/share/texmf-dist/tex/generic/pgf/basiclay
er/pgfcorepathusage.code.tex
File: pgfcorepathusage.code.tex 2023-01-15 v3.1.10 (3.1.10)
\pgf@shorten@end@additional=\dimen172
\pgf@shorten@start@additional=\dimen173
)
(/usr/local/Cellar/texlive/20230313_2/share/texmf-dist/tex/generic/pgf/basiclay
er/pgfcorescopes.code.tex
File: pgfcorescopes.code.tex 2023-01-15 v3.1.10 (3.1.10)
\pgfpic=\box55
\pgf@hbox=\box56
\pgf@layerbox@main=\box57
\pgf@picture@serial@count=\count269
)
(/usr/local/Cellar/texlive/20230313_2/share/texmf-dist/tex/generic/pgf/basiclay
er/pgfcoregraphicstate.code.tex
File: pgfcoregraphicstate.code.tex 2023-01-15 v3.1.10 (3.1.10)
\pgflinewidth=\dimen174
)
(/usr/local/Cellar/texlive/20230313_2/share/texmf-dist/tex/generic/pgf/basiclay
er/pgfcoretransformations.code.tex
File: pgfcoretransformations.code.tex 2023-01-15 v3.1.10 (3.1.10)
\pgf@pt@x=\dimen175
\pgf@pt@y=\dimen176
\pgf@pt@temp=\dimen177
)
(/usr/local/Cellar/texlive/20230313_2/share/texmf-dist/tex/generic/pgf/basiclay
er/pgfcorequick.code.tex
File: pgfcorequick.code.tex 2023-01-15 v3.1.10 (3.1.10)
)
(/usr/local/Cellar/texlive/20230313_2/share/texmf-dist/tex/generic/pgf/basiclay
er/pgfcoreobjects.code.tex
File: pgfcoreobjects.code.tex 2023-01-15 v3.1.10 (3.1.10)
)
(/usr/local/Cellar/texlive/20230313_2/share/texmf-dist/tex/generic/pgf/basiclay
er/pgfcorepathprocessing.code.tex
File: pgfcorepathprocessing.code.tex 2023-01-15 v3.1.10 (3.1.10)
)
(/usr/local/Cellar/texlive/20230313_2/share/texmf-dist/tex/generic/pgf/basiclay
er/pgfcorearrows.code.tex
File: pgfcorearrows.code.tex 2023-01-15 v3.1.10 (3.1.10)
\pgfarrowsep=\dimen178
)
(/usr/local/Cellar/texlive/20230313_2/share/texmf-dist/tex/generic/pgf/basiclay
er/pgfcoreshade.code.tex
File: pgfcoreshade.code.tex 2023-01-15 v3.1.10 (3.1.10)
\pgf@max=\dimen179
\pgf@sys@shading@range@num=\count270
\pgf@shadingcount=\count271
)
(/usr/local/Cellar/texlive/20230313_2/share/texmf-dist/tex/generic/pgf/basiclay
er/pgfcoreimage.code.tex
File: pgfcoreimage.code.tex 2023-01-15 v3.1.10 (3.1.10)
)
(/usr/local/Cellar/texlive/20230313_2/share/texmf-dist/tex/generic/pgf/basiclay
er/pgfcoreexternal.code.tex
File: pgfcoreexternal.code.tex 2023-01-15 v3.1.10 (3.1.10)
\pgfexternal@startupbox=\box58
)
(/usr/local/Cellar/texlive/20230313_2/share/texmf-dist/tex/generic/pgf/basiclay
er/pgfcorelayers.code.tex
File: pgfcorelayers.code.tex 2023-01-15 v3.1.10 (3.1.10)
)
(/usr/local/Cellar/texlive/20230313_2/share/texmf-dist/tex/generic/pgf/basiclay
er/pgfcoretransparency.code.tex
File: pgfcoretransparency.code.tex 2023-01-15 v3.1.10 (3.1.10)
)
(/usr/local/Cellar/texlive/20230313_2/share/texmf-dist/tex/generic/pgf/basiclay
er/pgfcorepatterns.code.tex
File: pgfcorepatterns.code.tex 2023-01-15 v3.1.10 (3.1.10)
)
(/usr/local/Cellar/texlive/20230313_2/share/texmf-dist/tex/generic/pgf/basiclay
er/pgfcorerdf.code.tex
File: pgfcorerdf.code.tex 2023-01-15 v3.1.10 (3.1.10)
)))
(/usr/local/Cellar/texlive/20230313_2/share/texmf-dist/tex/generic/pgf/modules/
pgfmoduleshapes.code.tex
File: pgfmoduleshapes.code.tex 2023-01-15 v3.1.10 (3.1.10)
\pgfnodeparttextbox=\box59
)
(/usr/local/Cellar/texlive/20230313_2/share/texmf-dist/tex/generic/pgf/modules/
pgfmoduleplot.code.tex
File: pgfmoduleplot.code.tex 2023-01-15 v3.1.10 (3.1.10)
)
(/usr/local/Cellar/texlive/20230313_2/share/texmf-dist/tex/latex/pgf/compatibil
ity/pgfcomp-version-0-65.sty
Package: pgfcomp-version-0-65 2023-01-15 v3.1.10 (3.1.10)
\pgf@nodesepstart=\dimen180
\pgf@nodesepend=\dimen181
)
(/usr/local/Cellar/texlive/20230313_2/share/texmf-dist/tex/latex/pgf/compatibil
ity/pgfcomp-version-1-18.sty
Package: pgfcomp-version-1-18 2023-01-15 v3.1.10 (3.1.10)
))
(/usr/local/Cellar/texlive/20230313_2/share/texmf-dist/tex/latex/pgf/utilities/
pgffor.sty
(/usr/local/Cellar/texlive/20230313_2/share/texmf-dist/tex/latex/pgf/utilities/
pgfkeys.sty
(/usr/local/Cellar/texlive/20230313_2/share/texmf-dist/tex/generic/pgf/utilitie
s/pgfkeys.code.tex))
(/usr/local/Cellar/texlive/20230313_2/share/texmf-dist/tex/latex/pgf/math/pgfma
th.sty
(/usr/local/Cellar/texlive/20230313_2/share/texmf-dist/tex/generic/pgf/math/pgf
math.code.tex))
(/usr/local/Cellar/texlive/20230313_2/share/texmf-dist/tex/generic/pgf/utilitie
s/pgffor.code.tex
Package: pgffor 2023-01-15 v3.1.10 (3.1.10)
\pgffor@iter=\dimen182
\pgffor@skip=\dimen183
\pgffor@stack=\toks29
\pgffor@toks=\toks30
))
(/usr/local/Cellar/texlive/20230313_2/share/texmf-dist/tex/generic/pgf/frontend
layer/tikz/tikz.code.tex
Package: tikz 2023-01-15 v3.1.10 (3.1.10)

(/usr/local/Cellar/texlive/20230313_2/share/texmf-dist/tex/generic/pgf/librarie
s/pgflibraryplothandlers.code.tex
File: pgflibraryplothandlers.code.tex 2023-01-15 v3.1.10 (3.1.10)
\pgf@plot@mark@count=\count272
\pgfplotmarksize=\dimen184
)
\tikz@lastx=\dimen185
\tikz@lasty=\dimen186
\tikz@lastxsaved=\dimen187
\tikz@lastysaved=\dimen188
\tikz@lastmovetox=\dimen189
\tikz@lastmovetoy=\dimen190
\tikzleveldistance=\dimen191
\tikzsiblingdistance=\dimen192
\tikz@figbox=\box60
\tikz@figbox@bg=\box61
\tikz@tempbox=\box62
\tikz@tempbox@bg=\box63
\tikztreelevel=\count273
\tikznumberofchildren=\count274
\tikznumberofcurrentchild=\count275
\tikz@fig@count=\count276

(/usr/local/Cellar/texlive/20230313_2/share/texmf-dist/tex/generic/pgf/modules/
pgfmodulematrix.code.tex
File: pgfmodulematrix.code.tex 2023-01-15 v3.1.10 (3.1.10)
\pgfmatrixcurrentrow=\count277
\pgfmatrixcurrentcolumn=\count278
\pgf@matrix@numberofcolumns=\count279
)
\tikz@expandcount=\count280

(/usr/local/Cellar/texlive/20230313_2/share/texmf-dist/tex/generic/pgf/frontend
layer/tikz/libraries/tikzlibrarytopaths.code.tex
File: tikzlibrarytopaths.code.tex 2023-01-15 v3.1.10 (3.1.10)
)))
(/usr/local/Cellar/texlive/20230313_2/share/texmf-dist/tex/generic/pgf/frontend
layer/tikz/libraries/tikzlibrarycalc.code.tex
File: tikzlibrarycalc.code.tex 2023-01-15 v3.1.10 (3.1.10)
)
(/usr/local/Cellar/texlive/20230313_2/share/texmf-dist/tex/generic/pgf/librarie
s/pgflibraryarrows.meta.code.tex
File: pgflibraryarrows.meta.code.tex 2023-01-15 v3.1.10 (3.1.10)
\pgfarrowinset=\dimen193
\pgfarrowlength=\dimen194
\pgfarrowwidth=\dimen195
\pgfarrowlinewidth=\dimen196
)
(/usr/local/Cellar/texlive/20230313_2/share/texmf-dist/tex/generic/pgf/frontend
layer/tikz/libraries/tikzlibrarybending.code.tex
File: tikzlibrarybending.code.tex 2023-01-15 v3.1.10 (3.1.10)

(/usr/local/Cellar/texlive/20230313_2/share/texmf-dist/tex/generic/pgf/modules/
pgfmodulebending.code.tex
File: pgfmodulebending.code.tex 2023-01-15 v3.1.10 (3.1.10)

(/usr/local/Cellar/texlive/20230313_2/share/texmf-dist/tex/generic/pgf/modules/
pgfmodulenonlineartransformations.code.tex
File: pgfmodulenonlineartransformations.code.tex 2023-01-15 v3.1.10 (3.1.10)
\pgftransformnonlinearflatness=\dimen197
)
(/usr/local/Cellar/texlive/20230313_2/share/texmf-dist/tex/generic/pgf/librarie
s/pgflibrarycurvilinear.code.tex
File: pgflibrarycurvilinear.code.tex 2023-01-15 v3.1.10 (3.1.10)
\pgf@curvilinear@time@a=\dimen198
\pgf@curvilinear@length@a=\dimen199
\pgf@curvilinear@length@b=\dimen256
\pgf@curvilinear@length@c=\dimen257
\pgf@curvilinear@length@d=\dimen258
)
\pgf@arrows@the@rigidity=\dimen259
))
(/usr/local/Cellar/texlive/20230313_2/share/texmf-dist/tex/generic/pgf/frontend
layer/tikz/libraries/tikzlibraryfpu.code.tex
(/usr/local/Cellar/texlive/20230313_2/share/texmf-dist/tex/generic/pgf/librarie
s/pgflibraryfpu.code.tex))
(/usr/local/Cellar/texlive/20230313_2/share/texmf-dist/tex/generic/circuitikz/p
gfcirc.defines.tex
\pgf@circ@count@a=\count281
\pgf@circ@count@b=\count282
\pgf@circ@count@c=\count283
\pgf@circ@res@up=\dimen260
\pgf@circ@res@down=\dimen261
\pgf@circ@res@zero=\dimen262
\pgf@circ@res@left=\dimen263
\pgf@circ@res@right=\dimen264
\pgf@circ@res@other=\dimen265
\pgf@circ@res@step=\dimen266
\pgf@circ@res@temp=\dimen267
\pgf@circ@Rlen=\dimen268
\pgf@circ@scaled@Rlen=\dimen269
\pgfstartlinewidth=\dimen270
)
(/usr/local/Cellar/texlive/20230313_2/share/texmf-dist/tex/generic/circuitikz/p
gfcircutils.tex
\ctikz@scratchbox=\box64
)
(/usr/local/Cellar/texlive/20230313_2/share/texmf-dist/tex/generic/circuitikz/p
gfcircpath.tex)
(/usr/local/Cellar/texlive/20230313_2/share/texmf-dist/tex/generic/circuitikz/p
gfcircshapes.tex)
(/usr/local/Cellar/texlive/20230313_2/share/texmf-dist/tex/generic/circuitikz/p
gfcircmonopoles.tex)
(/usr/local/Cellar/texlive/20230313_2/share/texmf-dist/tex/generic/circuitikz/p
gfcircbipoles.tex)
(/usr/local/Cellar/texlive/20230313_2/share/texmf-dist/tex/generic/circuitikz/p
gfcirctripoles.tex
\pgf@circ@res@count=\count284
)
(/usr/local/Cellar/texlive/20230313_2/share/texmf-dist/tex/generic/circuitikz/p
gfcircquadpoles.tex)
(/usr/local/Cellar/texlive/20230313_2/share/texmf-dist/tex/generic/circuitikz/p
gfcircmultipoles.tex)
(/usr/local/Cellar/texlive/20230313_2/share/texmf-dist/tex/generic/circuitikz/p
gfcirclabel.tex)
(/usr/local/Cellar/texlive/20230313_2/share/texmf-dist/tex/generic/circuitikz/p
gfcircvoltage.tex
\pgfcirc@labelshift=\dimen271
)
(/usr/local/Cellar/texlive/20230313_2/share/texmf-dist/tex/generic/circuitikz/p
gfcirccurrent.tex)
(/usr/local/Cellar/texlive/20230313_2/share/texmf-dist/tex/generic/circuitikz/p
gfcircflow.tex))
(/usr/local/Cellar/texlive/20230313_2/share/texmf-dist/tex/latex/cite/cite.sty
LaTeX Info: Redefining \cite on input line 302.
LaTeX Info: Redefining \nocite on input line 332.
Package: cite 2015/02/27  v 5.5
)
(/usr/local/Cellar/texlive/20230313_2/share/texmf-dist/tex/latex/amsmath/amsmat
h.sty
Package: amsmath 2022/04/08 v2.17n AMS math features
\@mathmargin=\skip50

For additional information on amsmath, use the `?' option.

(/usr/local/Cellar/texlive/20230313_2/share/texmf-dist/tex/latex/amsmath/amstex
t.sty
Package: amstext 2021/08/26 v2.01 AMS text

(/usr/local/Cellar/texlive/20230313_2/share/texmf-dist/tex/latex/amsmath/amsgen
.sty
File: amsgen.sty 1999/11/30 v2.0 generic functions
\@emptytoks=\toks31
\ex@=\dimen272
))
(/usr/local/Cellar/texlive/20230313_2/share/texmf-dist/tex/latex/amsmath/amsbsy
.sty
Package: amsbsy 1999/11/29 v1.2d Bold Symbols
\pmbraise@=\dimen273
)
(/usr/local/Cellar/texlive/20230313_2/share/texmf-dist/tex/latex/amsmath/amsopn
.sty
Package: amsopn 2022/04/08 v2.04 operator names
)
\inf@bad=\count285
LaTeX Info: Redefining \frac on input line 234.
\uproot@=\count286
\leftroot@=\count287
LaTeX Info: Redefining \overline on input line 399.
LaTeX Info: Redefining \colon on input line 410.
\classnum@=\count288
\DOTSCASE@=\count289
LaTeX Info: Redefining \ldots on input line 496.
LaTeX Info: Redefining \dots on input line 499.
LaTeX Info: Redefining \cdots on input line 620.
\Mathstrutbox@=\box65
\strutbox@=\box66
LaTeX Info: Redefining \big on input line 722.
LaTeX Info: Redefining \Big on input line 723.
LaTeX Info: Redefining \bigg on input line 724.
LaTeX Info: Redefining \Bigg on input line 725.
\big@size=\dimen274
LaTeX Font Info:    Redeclaring font encoding OML on input line 743.
LaTeX Font Info:    Redeclaring font encoding OMS on input line 744.
\macc@depth=\count290
LaTeX Info: Redefining \bmod on input line 905.
LaTeX Info: Redefining \pmod on input line 910.
LaTeX Info: Redefining \smash on input line 940.
LaTeX Info: Redefining \relbar on input line 970.
LaTeX Info: Redefining \Relbar on input line 971.
\c@MaxMatrixCols=\count291
\dotsspace@=\muskip16
\c@parentequation=\count292
\dspbrk@lvl=\count293
\tag@help=\toks32
\row@=\count294
\column@=\count295
\maxfields@=\count296
\andhelp@=\toks33
\eqnshift@=\dimen275
\alignsep@=\dimen276
\tagshift@=\dimen277
\tagwidth@=\dimen278
\totwidth@=\dimen279
\lineht@=\dimen280
\@envbody=\toks34
\multlinegap=\skip51
\multlinetaggap=\skip52
\mathdisplay@stack=\toks35
LaTeX Info: Redefining \[ on input line 2953.
LaTeX Info: Redefining \] on input line 2954.
)
(/usr/local/Cellar/texlive/20230313_2/share/texmf-dist/tex/latex/amsfonts/amssy
mb.sty
Package: amssymb 2013/01/14 v3.01 AMS font symbols

(/usr/local/Cellar/texlive/20230313_2/share/texmf-dist/tex/latex/amsfonts/amsfo
nts.sty
Package: amsfonts 2013/01/14 v3.01 Basic AMSFonts support
\symAMSa=\mathgroup4
\symAMSb=\mathgroup5
LaTeX Font Info:    Redeclaring math symbol \hbar on input line 98.
LaTeX Font Info:    Overwriting math alphabet `\mathfrak' in version `bold'
(Font)                  U/euf/m/n --> U/euf/b/n on input line 106.
))
(/usr/local/Cellar/texlive/20230313_2/share/texmf-dist/tex/latex/amscls/amsthm.
sty
Package: amsthm 2020/05/29 v2.20.6
\thm@style=\toks36
\thm@bodyfont=\toks37
\thm@headfont=\toks38
\thm@notefont=\toks39
\thm@headpunct=\toks40
\thm@preskip=\skip53
\thm@postskip=\skip54
\thm@headsep=\skip55
\dth@everypar=\toks41
)
(/usr/local/Cellar/texlive/20230313_2/share/texmf-dist/tex/latex/algorithms/alg
orithmic.sty
Package: algorithmic 2009/08/24 v0.1 Document Style `algorithmic'

(/usr/local/Cellar/texlive/20230313_2/share/texmf-dist/tex/latex/base/ifthen.st
y
Package: ifthen 2022/04/13 v1.1d Standard LaTeX ifthen package (DPC)
)
\c@ALC@unique=\count297
\c@ALC@line=\count298
\c@ALC@rem=\count299
\c@ALC@depth=\count300
\ALC@tlm=\skip56
\algorithmicindent=\skip57
)
(/usr/local/Cellar/texlive/20230313_2/share/texmf-dist/tex/latex/base/textcomp.
sty
Package: textcomp 2020/02/02 v2.0n Standard LaTeX package
)
(/usr/local/Cellar/texlive/20230313_2/share/texmf-dist/tex/latex/txfonts/txfont
s.sty
Package: txfonts 2008/01/22 v3.2.1
LaTeX Font Info:    Redeclaring symbol font `operators' on input line 21.
LaTeX Font Info:    Overwriting symbol font `operators' in version `normal'
(Font)                  OT1/cmr/m/n --> OT1/txr/m/n on input line 21.
LaTeX Font Info:    Overwriting symbol font `operators' in version `bold'
(Font)                  OT1/cmr/bx/n --> OT1/txr/m/n on input line 21.
LaTeX Font Info:    Overwriting symbol font `operators' in version `bold'
(Font)                  OT1/txr/m/n --> OT1/txr/bx/n on input line 22.
\symitalic=\mathgroup6
LaTeX Font Info:    Overwriting symbol font `italic' in version `bold'
(Font)                  OT1/txr/m/it --> OT1/txr/bx/it on input line 26.
LaTeX Font Info:    Redeclaring math alphabet \mathbf on input line 29.
LaTeX Font Info:    Overwriting math alphabet `\mathbf' in version `normal'
(Font)                  OT1/cmr/bx/n --> OT1/txr/bx/n on input line 29.
LaTeX Font Info:    Overwriting math alphabet `\mathbf' in version `bold'
(Font)                  OT1/cmr/bx/n --> OT1/txr/bx/n on input line 29.
LaTeX Font Info:    Redeclaring math alphabet \mathit on input line 30.
LaTeX Font Info:    Overwriting math alphabet `\mathit' in version `normal'
(Font)                  OT1/cmr/m/it --> OT1/txr/m/it on input line 30.
LaTeX Font Info:    Overwriting math alphabet `\mathit' in version `bold'
(Font)                  OT1/cmr/bx/it --> OT1/txr/m/it on input line 30.
LaTeX Font Info:    Overwriting math alphabet `\mathit' in version `bold'
(Font)                  OT1/txr/m/it --> OT1/txr/bx/it on input line 31.
LaTeX Font Info:    Redeclaring math alphabet \mathsf on input line 40.
LaTeX Font Info:    Overwriting math alphabet `\mathsf' in version `normal'
(Font)                  OT1/cmss/m/n --> OT1/txss/m/n on input line 40.
LaTeX Font Info:    Overwriting math alphabet `\mathsf' in version `bold'
(Font)                  OT1/cmss/bx/n --> OT1/txss/m/n on input line 40.
LaTeX Font Info:    Overwriting math alphabet `\mathsf' in version `bold'
(Font)                  OT1/txss/m/n --> OT1/txss/b/n on input line 41.
LaTeX Font Info:    Redeclaring math alphabet \mathtt on input line 50.
LaTeX Font Info:    Overwriting math alphabet `\mathtt' in version `normal'
(Font)                  OT1/cmtt/m/n --> OT1/txtt/m/n on input line 50.
LaTeX Font Info:    Overwriting math alphabet `\mathtt' in version `bold'
(Font)                  OT1/cmtt/m/n --> OT1/txtt/m/n on input line 50.
LaTeX Font Info:    Overwriting math alphabet `\mathtt' in version `bold'
(Font)                  OT1/txtt/m/n --> OT1/txtt/b/n on input line 51.
LaTeX Font Info:    Redeclaring symbol font `letters' on input line 58.
LaTeX Font Info:    Overwriting symbol font `letters' in version `normal'
(Font)                  OML/cmm/m/it --> OML/txmi/m/it on input line 58.
LaTeX Font Info:    Overwriting symbol font `letters' in version `bold'
(Font)                  OML/cmm/b/it --> OML/txmi/m/it on input line 58.
LaTeX Font Info:    Overwriting symbol font `letters' in version `bold'
(Font)                  OML/txmi/m/it --> OML/txmi/bx/it on input line 59.
\symlettersA=\mathgroup7
LaTeX Font Info:    Overwriting symbol font `lettersA' in version `bold'
(Font)                  U/txmia/m/it --> U/txmia/bx/it on input line 67.
LaTeX Font Info:    Redeclaring math alphabet \mathfrak on input line 70.
LaTeX Font Info:    Redeclaring symbol font `symbols' on input line 77.
LaTeX Font Info:    Overwriting symbol font `symbols' in version `normal'
(Font)                  OMS/cmsy/m/n --> OMS/txsy/m/n on input line 77.
LaTeX Font Info:    Overwriting symbol font `symbols' in version `bold'
(Font)                  OMS/cmsy/b/n --> OMS/txsy/m/n on input line 77.
LaTeX Font Info:    Overwriting symbol font `symbols' in version `bold'
(Font)                  OMS/txsy/m/n --> OMS/txsy/bx/n on input line 78.
LaTeX Font Info:    Redeclaring symbol font `AMSa' on input line 93.
LaTeX Font Info:    Overwriting symbol font `AMSa' in version `normal'
(Font)                  U/msa/m/n --> U/txsya/m/n on input line 93.
LaTeX Font Info:    Overwriting symbol font `AMSa' in version `bold'
(Font)                  U/msa/m/n --> U/txsya/m/n on input line 93.
LaTeX Font Info:    Overwriting symbol font `AMSa' in version `bold'
(Font)                  U/txsya/m/n --> U/txsya/bx/n on input line 94.
LaTeX Font Info:    Redeclaring symbol font `AMSb' on input line 102.
LaTeX Font Info:    Overwriting symbol font `AMSb' in version `normal'
(Font)                  U/msb/m/n --> U/txsyb/m/n on input line 102.
LaTeX Font Info:    Overwriting symbol font `AMSb' in version `bold'
(Font)                  U/msb/m/n --> U/txsyb/m/n on input line 102.
LaTeX Font Info:    Overwriting symbol font `AMSb' in version `bold'
(Font)                  U/txsyb/m/n --> U/txsyb/bx/n on input line 103.
\symsymbolsC=\mathgroup8
LaTeX Font Info:    Overwriting symbol font `symbolsC' in version `bold'
(Font)                  U/txsyc/m/n --> U/txsyc/bx/n on input line 113.
LaTeX Font Info:    Redeclaring symbol font `largesymbols' on input line 120.
LaTeX Font Info:    Overwriting symbol font `largesymbols' in version `normal'
(Font)                  OMX/cmex/m/n --> OMX/txex/m/n on input line 120.
LaTeX Font Info:    Overwriting symbol font `largesymbols' in version `bold'
(Font)                  OMX/cmex/m/n --> OMX/txex/m/n on input line 120.
LaTeX Font Info:    Overwriting symbol font `largesymbols' in version `bold'
(Font)                  OMX/txex/m/n --> OMX/txex/bx/n on input line 121.
\symlargesymbolsA=\mathgroup9
LaTeX Font Info:    Overwriting symbol font `largesymbolsA' in version `bold'
(Font)                  U/txexa/m/n --> U/txexa/bx/n on input line 129.
LaTeX Font Info:    Redeclaring math symbol \mathsterling on input line 164.
LaTeX Info: Redefining \not on input line 1043.
LaTeX Info: Redefining \textsquare on input line 1063.
LaTeX Info: Redefining \openbox on input line 1064.
)
(/usr/local/Cellar/texlive/20230313_2/share/texmf-dist/tex/latex/listings/listi
ngs.sty
\lst@mode=\count301
\lst@gtempboxa=\box67
\lst@token=\toks42
\lst@length=\count302
\lst@currlwidth=\dimen281
\lst@column=\count303
\lst@pos=\count304
\lst@lostspace=\dimen282
\lst@width=\dimen283
\lst@newlines=\count305
\lst@lineno=\count306
\lst@maxwidth=\dimen284

(/usr/local/Cellar/texlive/20230313_2/share/texmf-dist/tex/latex/listings/lstmi
sc.sty
File: lstmisc.sty 2023/02/27 1.9 (Carsten Heinz)
\c@lstnumber=\count307
\lst@skipnumbers=\count308
\lst@framebox=\box68
)
(/usr/local/Cellar/texlive/20230313_2/share/texmf-dist/tex/latex/listings/listi
ngs.cfg
File: listings.cfg 2023/02/27 1.9 listings configuration
))
Package: listings 2023/02/27 1.9 (Carsten Heinz)

(/usr/local/Cellar/texlive/20230313_2/share/texmf-dist/tex/latex/enumitem/enumi
tem.sty
Package: enumitem 2019/06/20 v3.9 Customized lists
\labelindent=\skip58
\enit@outerparindent=\dimen285
\enit@toks=\toks43
\enit@inbox=\box69
\enit@count@id=\count309
\enitdp@description=\count310
)
(/usr/local/Cellar/texlive/20230313_2/share/texmf-dist/tex/latex/mathtools/math
tools.sty
Package: mathtools 2022/06/29 v1.29 mathematical typesetting tools

(/usr/local/Cellar/texlive/20230313_2/share/texmf-dist/tex/latex/tools/calc.sty
Package: calc 2017/05/25 v4.3 Infix arithmetic (KKT,FJ)
\calc@Acount=\count311
\calc@Bcount=\count312
\calc@Adimen=\dimen286
\calc@Bdimen=\dimen287
\calc@Askip=\skip59
\calc@Bskip=\skip60
LaTeX Info: Redefining \setlength on input line 80.
LaTeX Info: Redefining \addtolength on input line 81.
\calc@Ccount=\count313
\calc@Cskip=\skip61
)
(/usr/local/Cellar/texlive/20230313_2/share/texmf-dist/tex/latex/mathtools/mhse
tup.sty
Package: mhsetup 2021/03/18 v1.4 programming setup (MH)
)
\g_MT_multlinerow_int=\count314
\l_MT_multwidth_dim=\dimen288
\origjot=\skip62
\l_MT_shortvdotswithinadjustabove_dim=\dimen289
\l_MT_shortvdotswithinadjustbelow_dim=\dimen290
\l_MT_above_intertext_sep=\dimen291
\l_MT_below_intertext_sep=\dimen292
\l_MT_above_shortintertext_sep=\dimen293
\l_MT_below_shortintertext_sep=\dimen294
\xmathstrut@box=\box70
\xmathstrut@dim=\dimen295
)
(/usr/local/Cellar/texlive/20230313_2/share/texmf-dist/tex/latex/gensymb/gensym
b.sty
Package: gensymb 2022/10/17 v1.0.2 (KJH)
)
(/usr/local/Cellar/texlive/20230313_2/share/texmf-dist/tex/latex/comment/commen
t.sty
\CommentStream=\write4
 Excluding comment 'comment')
(/usr/local/Cellar/texlive/20230313_2/share/texmf-dist/tex/latex/hyperref/hyper
ref.sty
Package: hyperref 2023-02-07 v7.00v Hypertext links for LaTeX

(/usr/local/Cellar/texlive/20230313_2/share/texmf-dist/tex/generic/ltxcmds/ltxc
mds.sty
Package: ltxcmds 2020-05-10 v1.25 LaTeX kernel commands for general use (HO)
)
(/usr/local/Cellar/texlive/20230313_2/share/texmf-dist/tex/generic/iftex/iftex.
sty
Package: iftex 2022/02/03 v1.0f TeX engine tests
)
(/usr/local/Cellar/texlive/20230313_2/share/texmf-dist/tex/generic/pdftexcmds/p
dftexcmds.sty
Package: pdftexcmds 2020-06-27 v0.33 Utility functions of pdfTeX for LuaTeX (HO
)

(/usr/local/Cellar/texlive/20230313_2/share/texmf-dist/tex/generic/infwarerr/in
fwarerr.sty
Package: infwarerr 2019/12/03 v1.5 Providing info/warning/error messages (HO)
)
Package pdftexcmds Info: \pdf@primitive is available.
Package pdftexcmds Info: \pdf@ifprimitive is available.
Package pdftexcmds Info: \pdfdraftmode found.
)
(/usr/local/Cellar/texlive/20230313_2/share/texmf-dist/tex/latex/kvsetkeys/kvse
tkeys.sty
Package: kvsetkeys 2022-10-05 v1.19 Key value parser (HO)
)
(/usr/local/Cellar/texlive/20230313_2/share/texmf-dist/tex/generic/kvdefinekeys
/kvdefinekeys.sty
Package: kvdefinekeys 2019-12-19 v1.6 Define keys (HO)
)
(/usr/local/Cellar/texlive/20230313_2/share/texmf-dist/tex/generic/pdfescape/pd
fescape.sty
Package: pdfescape 2019/12/09 v1.15 Implements pdfTeX's escape features (HO)
)
(/usr/local/Cellar/texlive/20230313_2/share/texmf-dist/tex/latex/hycolor/hycolo
r.sty
Package: hycolor 2020-01-27 v1.10 Color options for hyperref/bookmark (HO)
)
(/usr/local/Cellar/texlive/20230313_2/share/texmf-dist/tex/latex/letltxmacro/le
tltxmacro.sty
Package: letltxmacro 2019/12/03 v1.6 Let assignment for LaTeX macros (HO)
)
(/usr/local/Cellar/texlive/20230313_2/share/texmf-dist/tex/latex/auxhook/auxhoo
k.sty
Package: auxhook 2019-12-17 v1.6 Hooks for auxiliary files (HO)
)
(/usr/local/Cellar/texlive/20230313_2/share/texmf-dist/tex/latex/hyperref/namer
ef.sty
Package: nameref 2022-05-17 v2.50 Cross-referencing by name of section

(/usr/local/Cellar/texlive/20230313_2/share/texmf-dist/tex/latex/refcount/refco
unt.sty
Package: refcount 2019/12/15 v3.6 Data extraction from label references (HO)
)
(/usr/local/Cellar/texlive/20230313_2/share/texmf-dist/tex/generic/gettitlestri
ng/gettitlestring.sty
Package: gettitlestring 2019/12/15 v1.6 Cleanup title references (HO)

(/usr/local/Cellar/texlive/20230313_2/share/texmf-dist/tex/latex/kvoptions/kvop
tions.sty
Package: kvoptions 2022-06-15 v3.15 Key value format for package options (HO)
))
\c@section@level=\count315
)
\@linkdim=\dimen296
\Hy@linkcounter=\count316
\Hy@pagecounter=\count317

(/usr/local/Cellar/texlive/20230313_2/share/texmf-dist/tex/latex/hyperref/pd1en
c.def
File: pd1enc.def 2023-02-07 v7.00v Hyperref: PDFDocEncoding definition (HO)
Now handling font encoding PD1 ...
... no UTF-8 mapping file for font encoding PD1
)
(/usr/local/Cellar/texlive/20230313_2/share/texmf-dist/tex/generic/intcalc/intc
alc.sty
Package: intcalc 2019/12/15 v1.3 Expandable calculations with integers (HO)
)
(/usr/local/Cellar/texlive/20230313_2/share/texmf-dist/tex/generic/etexcmds/ete
xcmds.sty
Package: etexcmds 2019/12/15 v1.7 Avoid name clashes with e-TeX commands (HO)
)
\Hy@SavedSpaceFactor=\count318

(/usr/local/Cellar/texlive/20230313_2/share/texmf-dist/tex/latex/hyperref/puenc
.def
File: puenc.def 2023-02-07 v7.00v Hyperref: PDF Unicode definition (HO)
Now handling font encoding PU ...
... no UTF-8 mapping file for font encoding PU
)
Package hyperref Info: Option `breaklinks' set `true' on input line 4060.
Package hyperref Info: Hyper figures OFF on input line 4177.
Package hyperref Info: Link nesting OFF on input line 4182.
Package hyperref Info: Hyper index ON on input line 4185.
Package hyperref Info: Plain pages OFF on input line 4192.
Package hyperref Info: Backreferencing OFF on input line 4197.
Package hyperref Info: Implicit mode ON; LaTeX internals redefined.
Package hyperref Info: Bookmarks ON on input line 4425.
\c@Hy@tempcnt=\count319

(/usr/local/Cellar/texlive/20230313_2/share/texmf-dist/tex/latex/url/url.sty
\Urlmuskip=\muskip17
Package: url 2013/09/16  ver 3.4  Verb mode for urls, etc.
)
LaTeX Info: Redefining \url on input line 4763.
\XeTeXLinkMargin=\dimen297

(/usr/local/Cellar/texlive/20230313_2/share/texmf-dist/tex/generic/bitset/bitse
t.sty
Package: bitset 2019/12/09 v1.3 Handle bit-vector datatype (HO)

(/usr/local/Cellar/texlive/20230313_2/share/texmf-dist/tex/generic/bigintcalc/b
igintcalc.sty
Package: bigintcalc 2019/12/15 v1.5 Expandable calculations on big integers (HO
)
))
\Fld@menulength=\count320
\Field@Width=\dimen298
\Fld@charsize=\dimen299
Package hyperref Info: Hyper figures OFF on input line 6042.
Package hyperref Info: Link nesting OFF on input line 6047.
Package hyperref Info: Hyper index ON on input line 6050.
Package hyperref Info: backreferencing OFF on input line 6057.
Package hyperref Info: Link coloring OFF on input line 6062.
Package hyperref Info: Link coloring with OCG OFF on input line 6067.
Package hyperref Info: PDF/A mode OFF on input line 6072.

(/usr/local/Cellar/texlive/20230313_2/share/texmf-dist/tex/latex/base/atbegshi-
ltx.sty
Package: atbegshi-ltx 2021/01/10 v1.0c Emulation of the original atbegshi
package with kernel methods
)
\Hy@abspage=\count321
\c@Item=\count322
\c@Hfootnote=\count323
)
Package hyperref Info: Driver (autodetected): hpdftex.

(/usr/local/Cellar/texlive/20230313_2/share/texmf-dist/tex/latex/hyperref/hpdft
ex.def
File: hpdftex.def 2023-02-07 v7.00v Hyperref driver for pdfTeX

(/usr/local/Cellar/texlive/20230313_2/share/texmf-dist/tex/latex/base/atveryend
-ltx.sty
Package: atveryend-ltx 2020/08/19 v1.0a Emulation of the original atveryend pac
kage
with kernel methods
)
\Fld@listcount=\count324
\c@bookmark@seq@number=\count325

(/usr/local/Cellar/texlive/20230313_2/share/texmf-dist/tex/latex/rerunfilecheck
/rerunfilecheck.sty
Package: rerunfilecheck 2022-07-10 v1.10 Rerun checks for auxiliary files (HO)

(/usr/local/Cellar/texlive/20230313_2/share/texmf-dist/tex/generic/uniquecounte
r/uniquecounter.sty
Package: uniquecounter 2019/12/15 v1.4 Provide unlimited unique counter (HO)
)
Package uniquecounter Info: New unique counter `rerunfilecheck' on input line 2
85.
)
\Hy@SectionHShift=\skip63
)
(/usr/local/Cellar/texlive/20230313_2/share/texmf-dist/tex/latex/tkz-euclide/tk
z-euclide.sty
2023/02/03 5.02c tkz-euclide.sty
Package: tkz-euclide  2023/02/03 5.02c for pure Euclidean Geometry 

(/usr/local/Cellar/texlive/20230313_2/share/texmf-dist/tex/generic/pgf/frontend
layer/tikz/libraries/tikzlibraryangles.code.tex
File: tikzlibraryangles.code.tex 2023-01-15 v3.1.10 (3.1.10)
)
(/usr/local/Cellar/texlive/20230313_2/share/texmf-dist/tex/generic/pgf/frontend
layer/tikz/libraries/tikzlibraryarrows.code.tex
File: tikzlibraryarrows.code.tex 2023-01-15 v3.1.10 (3.1.10)

(/usr/local/Cellar/texlive/20230313_2/share/texmf-dist/tex/generic/pgf/librarie
s/pgflibraryarrows.code.tex
File: pgflibraryarrows.code.tex 2023-01-15 v3.1.10 (3.1.10)
\arrowsize=\dimen300
))
(/usr/local/Cellar/texlive/20230313_2/share/texmf-dist/tex/generic/pgf/frontend
layer/tikz/libraries/tikzlibrarybackgrounds.code.tex
File: tikzlibrarybackgrounds.code.tex 2023-01-15 v3.1.10 (3.1.10)
\pgf@layerbox@background=\box71
\pgf@layerboxsaved@background=\box72
)
(/usr/local/Cellar/texlive/20230313_2/share/texmf-dist/tex/generic/pgf/frontend
layer/tikz/libraries/tikzlibrarydecorations.code.tex
(/usr/local/Cellar/texlive/20230313_2/share/texmf-dist/tex/generic/pgf/modules/
pgfmoduledecorations.code.tex
\pgfdecoratedcompleteddistance=\dimen301
\pgfdecoratedremainingdistance=\dimen302
\pgfdecoratedinputsegmentcompleteddistance=\dimen303
\pgfdecoratedinputsegmentremainingdistance=\dimen304
\pgf@decorate@distancetomove=\dimen305
\pgf@decorate@repeatstate=\count326
\pgfdecorationsegmentamplitude=\dimen306
\pgfdecorationsegmentlength=\dimen307
)
\tikz@lib@dec@box=\box73
)
(/usr/local/Cellar/texlive/20230313_2/share/texmf-dist/tex/generic/pgf/frontend
layer/tikz/libraries/tikzlibrarydecorations.markings.code.tex
(/usr/local/Cellar/texlive/20230313_2/share/texmf-dist/tex/generic/pgf/librarie
s/decorations/pgflibrarydecorations.markings.code.tex))
(/usr/local/Cellar/texlive/20230313_2/share/texmf-dist/tex/generic/pgf/frontend
layer/tikz/libraries/tikzlibrarydecorations.pathreplacing.code.tex
(/usr/local/Cellar/texlive/20230313_2/share/texmf-dist/tex/generic/pgf/librarie
s/decorations/pgflibrarydecorations.pathreplacing.code.tex))
(/usr/local/Cellar/texlive/20230313_2/share/texmf-dist/tex/generic/pgf/frontend
layer/tikz/libraries/tikzlibrarydecorations.shapes.code.tex
(/usr/local/Cellar/texlive/20230313_2/share/texmf-dist/tex/generic/pgf/librarie
s/decorations/pgflibrarydecorations.shapes.code.tex))
(/usr/local/Cellar/texlive/20230313_2/share/texmf-dist/tex/generic/pgf/frontend
layer/tikz/libraries/tikzlibrarydecorations.text.code.tex
(/usr/local/Cellar/texlive/20230313_2/share/texmf-dist/tex/generic/pgf/librarie
s/decorations/pgflibrarydecorations.text.code.tex
\pgf@lib@dec@text@box=\box74
)
\tikz@lib@dec@te@box=\box75
)
(/usr/local/Cellar/texlive/20230313_2/share/texmf-dist/tex/generic/pgf/frontend
layer/tikz/libraries/tikzlibrarydecorations.pathmorphing.code.tex
(/usr/local/Cellar/texlive/20230313_2/share/texmf-dist/tex/generic/pgf/librarie
s/decorations/pgflibrarydecorations.pathmorphing.code.tex))
(/usr/local/Cellar/texlive/20230313_2/share/texmf-dist/tex/generic/pgf/frontend
layer/tikz/libraries/tikzlibraryintersections.code.tex
(/usr/local/Cellar/texlive/20230313_2/share/texmf-dist/tex/generic/pgf/librarie
s/pgflibraryintersections.code.tex
\pgf@intersect@solutions=\count327
))
(/usr/local/Cellar/texlive/20230313_2/share/texmf-dist/tex/generic/pgf/frontend
layer/tikz/libraries/tikzlibrarymath.code.tex
\tikz@math@for@depth=\count328
\tikz@math@dimen=\dimen308
\tikz@math@toks=\toks44
)
(/usr/local/Cellar/texlive/20230313_2/share/texmf-dist/tex/generic/pgf/frontend
layer/tikz/libraries/tikzlibraryplotmarks.code.tex
File: tikzlibraryplotmarks.code.tex 2023-01-15 v3.1.10 (3.1.10)

(/usr/local/Cellar/texlive/20230313_2/share/texmf-dist/tex/generic/pgf/librarie
s/pgflibraryplotmarks.code.tex
File: pgflibraryplotmarks.code.tex 2023-01-15 v3.1.10 (3.1.10)
))
(/usr/local/Cellar/texlive/20230313_2/share/texmf-dist/tex/generic/pgf/frontend
layer/tikz/libraries/tikzlibrarypositioning.code.tex
File: tikzlibrarypositioning.code.tex 2023-01-15 v3.1.10 (3.1.10)
)
(/usr/local/Cellar/texlive/20230313_2/share/texmf-dist/tex/generic/pgf/frontend
layer/tikz/libraries/tikzlibraryquotes.code.tex
File: tikzlibraryquotes.code.tex 2023-01-15 v3.1.10 (3.1.10)
)
(/usr/local/Cellar/texlive/20230313_2/share/texmf-dist/tex/generic/pgf/frontend
layer/tikz/libraries/tikzlibraryshapes.misc.code.tex
File: tikzlibraryshapes.misc.code.tex 2023-01-15 v3.1.10 (3.1.10)

(/usr/local/Cellar/texlive/20230313_2/share/texmf-dist/tex/generic/pgf/librarie
s/shapes/pgflibraryshapes.misc.code.tex
File: pgflibraryshapes.misc.code.tex 2023-01-15 v3.1.10 (3.1.10)
))
(/usr/local/Cellar/texlive/20230313_2/share/texmf-dist/tex/generic/pgf/frontend
layer/tikz/libraries/tikzlibrarythrough.code.tex
File: tikzlibrarythrough.code.tex 2023-01-15 v3.1.10 (3.1.10)
)
(/usr/local/Cellar/texlive/20230313_2/share/texmf-dist/tex/latex/l3packages/xfp
/xfp.sty
(/usr/local/Cellar/texlive/20230313_2/share/texmf-dist/tex/latex/l3kernel/expl3
.sty
Package: expl3 2023-02-22 L3 programming layer (loader) 

(/usr/local/Cellar/texlive/20230313_2/share/texmf-dist/tex/latex/l3backend/l3ba
ckend-pdftex.def
File: l3backend-pdftex.def 2023-01-16 L3 backend support: PDF output (pdfTeX)
\l__color_backend_stack_int=\count329
\l__pdf_internal_box=\box76
))
Package: xfp 2023-02-02 L3 Floating point unit
)
(/usr/local/Cellar/texlive/20230313_2/share/texmf-dist/tex/latex/xpatch/xpatch.
sty
Package: xpatch 2020/03/25 v0.3a Extending etoolbox patching commands

(/usr/local/Cellar/texlive/20230313_2/share/texmf-dist/tex/latex/l3packages/xpa
rse/xparse.sty
Package: xparse 2023-02-02 L3 Experimental document command parser
)
(/usr/local/Cellar/texlive/20230313_2/share/texmf-dist/tex/latex/etoolbox/etool
box.sty
Package: etoolbox 2020/10/05 v2.5k e-TeX tools for LaTeX (JAW)
\etb@tempcnta=\count330
))
\tkzRadius=\dimen309
\tkzLength=\dimen310
\tkz@radi=\dimen311
\tkz@ax=\dimen312
\tkz@ay=\dimen313
\tkz@bx=\dimen314
\tkz@by=\dimen315
\tkz@cx=\dimen316
\tkz@cy=\dimen317
\tkz@dx=\dimen318
\tkz@dy=\dimen319
\tkz@cntmk=\count331

Local configuration file tkz-euclide.cfg found and used

(/usr/local/Cellar/texlive/20230313_2/share/texmf-dist/tex/latex/tkz-euclide/tk
z-euclide.cfg
2023/02/03 5.02c tkz-euclide.cfg
)
(/usr/local/Cellar/texlive/20230313_2/share/texmf-dist/tex/latex/tkz-euclide/tk
z-tools-eu-base.tex
2023/02/03 5.02c tkz-tools-eu-base.tex
)
(/usr/local/Cellar/texlive/20230313_2/share/texmf-dist/tex/latex/tkz-euclide/tk
z-tools-eu-utilities.tex
2023/02/03 5.02c tkz-tools-eu-utilities.tex
)
(/usr/local/Cellar/texlive/20230313_2/share/texmf-dist/tex/latex/tkz-euclide/tk
z-tools-eu-BB.tex
2023/02/03 5.02c tkz-obj-eu-BB.tex
)
(/usr/local/Cellar/texlive/20230313_2/share/texmf-dist/tex/latex/tkz-euclide/tk
z-obj-eu-grids.tex
2023/02/03 5.02c tkz-obj-eu-grids.tex
)
(/usr/local/Cellar/texlive/20230313_2/share/texmf-dist/tex/latex/tkz-euclide/tk
z-lib-eu-marks.tex
2023/02/03 5.02c tkz-lib-eu-marks.tex
)
(/usr/local/Cellar/texlive/20230313_2/share/texmf-dist/tex/latex/tkz-euclide/tk
z-tools-eu-text.tex
2023/02/03 5.02c tkz-tools-eu-text.tex
)
(/usr/local/Cellar/texlive/20230313_2/share/texmf-dist/tex/latex/tkz-euclide/tk
z-lib-eu-shape.tex
2023/02/03 5.02c tkz-lib-eu-shape.tex
)
(/usr/local/Cellar/texlive/20230313_2/share/texmf-dist/tex/latex/tkz-euclide/tk
z-obj-eu-axesmin.tex
2023/02/03 5.02c tkz-obj-eu-axesmin
)
(/usr/local/Cellar/texlive/20230313_2/share/texmf-dist/tex/latex/tkz-euclide/tk
z-tools-eu-colors.tex
2023/02/03 5.02c tkz-tools-eu-colors
)
(/usr/local/Cellar/texlive/20230313_2/share/texmf-dist/tex/latex/tkz-euclide/tk
z-obj-eu-points.tex
2023/02/03 5.02c tkz-obj-eu-points.tex
)
(/usr/local/Cellar/texlive/20230313_2/share/texmf-dist/tex/latex/tkz-euclide/tk
z-draw-eu-points.tex
2023/01/24 5.01c tkz-draw-points.tex
)
(/usr/local/Cellar/texlive/20230313_2/share/texmf-dist/tex/latex/tkz-euclide/tk
z-obj-eu-points.tex
2023/02/03 5.02c tkz-obj-eu-points.tex
)
(/usr/local/Cellar/texlive/20230313_2/share/texmf-dist/tex/latex/tkz-euclide/tk
z-obj-eu-points-by.tex
2023/02/03 5.02c tkz-tools-eu-points-by.tex
)
(/usr/local/Cellar/texlive/20230313_2/share/texmf-dist/tex/latex/tkz-euclide/tk
z-tools-eu-math.tex
2023/02/03 5.02c tkz-tools-eu-math.tex
)
(/usr/local/Cellar/texlive/20230313_2/share/texmf-dist/tex/latex/tkz-euclide/tk
z-tools-eu-intersections.tex
2023/02/03 5.02c tkz-tools-eu-intersections.tex
)
(/usr/local/Cellar/texlive/20230313_2/share/texmf-dist/tex/latex/tkz-euclide/tk
z-obj-eu-points-with.tex
2023/02/03 5.02c tkz-obj-eu-points-with.tex
)
(/usr/local/Cellar/texlive/20230313_2/share/texmf-dist/tex/latex/tkz-euclide/tk
z-obj-eu-points-spc.tex
2023/02/03 5.02c tkz-obj-el-points.tex
)
(/usr/local/Cellar/texlive/20230313_2/share/texmf-dist/tex/latex/tkz-euclide/tk
z-tools-eu-angles.tex
2023/02/03 5.02c tkz-tools-eu-angles.tex
)
(/usr/local/Cellar/texlive/20230313_2/share/texmf-dist/tex/latex/tkz-euclide/tk
z-obj-eu-points-rnd.tex
2023/02/03 5.02c tkz-obj-eu-points-rnd.tex
)
(/usr/local/Cellar/texlive/20230313_2/share/texmf-dist/tex/latex/tkz-euclide/tk
z-obj-eu-circles.tex
2023/02/03 5.02c tkz-obj-eu-circles.tex
)
(/usr/local/Cellar/texlive/20230313_2/share/texmf-dist/tex/latex/tkz-euclide/tk
z-obj-eu-circles-by.tex
2023/02/03 5.02c tkz-obj-eu-circles.tex
)
(/usr/local/Cellar/texlive/20230313_2/share/texmf-dist/tex/latex/tkz-euclide/tk
z-obj-eu-lines.tex
2023/02/03 5.02c tkz-obj-eu-lines.tex
)
(/usr/local/Cellar/texlive/20230313_2/share/texmf-dist/tex/latex/tkz-euclide/tk
z-obj-eu-polygons.tex
2023/02/03 5.02c tkz-obj-eu-polygons.tex
)
(/usr/local/Cellar/texlive/20230313_2/share/texmf-dist/tex/latex/tkz-euclide/tk
z-obj-eu-triangles.tex
2023/02/03 5.02c tkz-obj-eu-triangles.tex
)
(/usr/local/Cellar/texlive/20230313_2/share/texmf-dist/tex/latex/tkz-euclide/tk
z-draw-eu-lines.tex
2023/02/03 5.02c tkz-obj-eu-draw-lines.tex
)
(/usr/local/Cellar/texlive/20230313_2/share/texmf-dist/tex/latex/tkz-euclide/tk
z-draw-eu-circles.tex
2023/02/03 5.02c tkz-obj-eu-draw-circles.tex
)
(/usr/local/Cellar/texlive/20230313_2/share/texmf-dist/tex/latex/tkz-euclide/tk
z-draw-eu-polygons.tex
2023/02/03 5.02c tkz-obj-eu-polygons.tex
)
(/usr/local/Cellar/texlive/20230313_2/share/texmf-dist/tex/latex/tkz-euclide/tk
z-draw-eu-angles.tex
2023/02/03 5.02c tkz-tool-eu-angles.tex
)
(/usr/local/Cellar/texlive/20230313_2/share/texmf-dist/tex/latex/tkz-euclide/tk
z-draw-eu-sectors.tex
2023/02/03 5.02c tkz-obj-eu-sectors.tex
)
(/usr/local/Cellar/texlive/20230313_2/share/texmf-dist/tex/latex/tkz-euclide/tk
z-draw-eu-compass.tex
2023/02/03 5.02c tkz-obj-eu-compass.tex
)
(/usr/local/Cellar/texlive/20230313_2/share/texmf-dist/tex/latex/tkz-euclide/tk
z-draw-eu-show.tex
2023/02/03 5.02c tkz-obj-eu-show.tex
)
(/usr/local/Cellar/texlive/20230313_2/share/texmf-dist/tex/latex/tkz-euclide/tk
z-draw-eu-protractor.tex
2023/02/03 5.02c tkz-obj-eu-protractor.tex
)) (./gvv.sty
\c@matchleft=\count332
\c@matchright=\count333
)
LaTeX Font Info:    Trying to load font information for OT1+txr on input line 2
7.

(/usr/local/Cellar/texlive/20230313_2/share/texmf-dist/tex/latex/txfonts/ot1txr
.fd
File: ot1txr.fd 2000/12/15 v3.1
) (./main.aux

LaTeX Warning: Label `eq:h(n)desired_for_LPF' multiply defined.


LaTeX Warning: Label `eq:h(n)desired_for_LPF' multiply defined.

)
\openout1 = `main.aux'.

LaTeX Font Info:    Checking defaults for OML/txmi/m/it on input line 27.
LaTeX Font Info:    Trying to load font information for OML+txmi on input line 
27.

(/usr/local/Cellar/texlive/20230313_2/share/texmf-dist/tex/latex/txfonts/omltxm
i.fd
File: omltxmi.fd 2000/12/15 v3.1
)
LaTeX Font Info:    ... okay on input line 27.
LaTeX Font Info:    Checking defaults for OMS/txsy/m/n on input line 27.
LaTeX Font Info:    Trying to load font information for OMS+txsy on input line 
27.

(/usr/local/Cellar/texlive/20230313_2/share/texmf-dist/tex/latex/txfonts/omstxs
y.fd
File: omstxsy.fd 2000/12/15 v3.1
)
LaTeX Font Info:    ... okay on input line 27.
LaTeX Font Info:    Checking defaults for OT1/cmr/m/n on input line 27.
LaTeX Font Info:    ... okay on input line 27.
LaTeX Font Info:    Checking defaults for T1/cmr/m/n on input line 27.
LaTeX Font Info:    ... okay on input line 27.
LaTeX Font Info:    Checking defaults for TS1/cmr/m/n on input line 27.
LaTeX Font Info:    ... okay on input line 27.
LaTeX Font Info:    Checking defaults for OMX/txex/m/n on input line 27.
LaTeX Font Info:    Trying to load font information for OMX+txex on input line 
27.

(/usr/local/Cellar/texlive/20230313_2/share/texmf-dist/tex/latex/txfonts/omxtxe
x.fd
File: omxtxex.fd 2000/12/15 v3.1
)
LaTeX Font Info:    ... okay on input line 27.
LaTeX Font Info:    Checking defaults for U/txexa/m/n on input line 27.
LaTeX Font Info:    Trying to load font information for U+txexa on input line 2
7.

(/usr/local/Cellar/texlive/20230313_2/share/texmf-dist/tex/latex/txfonts/utxexa
.fd
File: utxexa.fd 2000/12/15 v3.1
)
LaTeX Font Info:    ... okay on input line 27.
LaTeX Font Info:    Checking defaults for PD1/pdf/m/n on input line 27.
LaTeX Font Info:    ... okay on input line 27.
LaTeX Font Info:    Checking defaults for PU/pdf/m/n on input line 27.
LaTeX Font Info:    ... okay on input line 27.

(/usr/local/Cellar/texlive/20230313_2/share/texmf-dist/tex/context/base/mkii/su
pp-pdf.mkii
[Loading MPS to PDF converter (version 2006.09.02).]
\scratchcounter=\count334
\scratchdimen=\dimen320
\scratchbox=\box77
\nofMPsegments=\count335
\nofMParguments=\count336
\everyMPshowfont=\toks45
\MPscratchCnt=\count337
\MPscratchDim=\dimen321
\MPnumerator=\count338
\makeMPintoPDFobject=\count339
\everyMPtoPDFconversion=\toks46
)
(/usr/local/Cellar/texlive/20230313_2/share/texmf-dist/tex/latex/epstopdf-pkg/e
pstopdf-base.sty
Package: epstopdf-base 2020-01-24 v2.11 Base part for package epstopdf
Package epstopdf-base Info: Redefining graphics rule for `.eps' on input line 4
85.

(/usr/local/Cellar/texlive/20230313_2/share/texmf-dist/tex/latex/latexconfig/ep
stopdf-sys.cfg
File: epstopdf-sys.cfg 2010/07/13 v1.3 Configuration of (r)epstopdf for TeX Liv
e
))
\c@lstlisting=\count340
\symgns@font=\mathgroup10
LaTeX Font Info:    Overwriting symbol font `gns@font' in version `bold'
(Font)                  TS1/txr/m/n --> TS1/txr/b/n on input line 27.
Package gensymb Info: Math companion symbols declared on input line 27.
LaTeX Info: Redefining \degree on input line 27.
LaTeX Info: Redefining \celsius on input line 27.
Package gensymb Info: Using text companion symbols for \degree, \celsius and \p
erthousand on input line 27.
LaTeX Info: Redefining \ohm on input line 27.
Package gensymb Info: Using \textohm for \ohm on input line 27.
Package gensymb Info: Using \textmu for \micro on input line 27.
Package hyperref Info: Link coloring OFF on input line 27.
 (./main.out) (./main.out)
\@outlinefile=\write5
\openout5 = `main.out'.

LaTeX Font Info:    Font shape `OT1/txr/b/n' in size <17.28> not available
(Font)              Font shape `OT1/txr/bx/n' tried instead on input line 36.
LaTeX Font Info:    Trying to load font information for U+txsya on input line 3
6.

(/usr/local/Cellar/texlive/20230313_2/share/texmf-dist/tex/latex/txfonts/utxsya
.fd
File: utxsya.fd 2000/12/15 v3.1
)
LaTeX Font Info:    Trying to load font information for U+txsyb on input line 3
6.

(/usr/local/Cellar/texlive/20230313_2/share/texmf-dist/tex/latex/txfonts/utxsyb
.fd
File: utxsyb.fd 2000/12/15 v3.1
)
LaTeX Font Info:    Trying to load font information for U+txmia on input line 3
6.

(/usr/local/Cellar/texlive/20230313_2/share/texmf-dist/tex/latex/txfonts/utxmia
.fd
File: utxmia.fd 2000/12/15 v3.1
)
LaTeX Font Info:    Trying to load font information for U+txsyc on input line 3
6.

(/usr/local/Cellar/texlive/20230313_2/share/texmf-dist/tex/latex/txfonts/utxsyc
.fd
File: utxsyc.fd 2000/12/15 v3.1
)
LaTeX Font Info:    Trying to load font information for TS1+txr on input line 3
6.

(/usr/local/Cellar/texlive/20230313_2/share/texmf-dist/tex/latex/txfonts/ts1txr
.fd
File: ts1txr.fd 2000/12/15 v3.1
)
LaTeX Font Info:    Font shape `OT1/txr/b/n' in size <14.4> not available
(Font)              Font shape `OT1/txr/bx/n' tried instead on input line 36.
LaTeX Font Info:    Font shape `OT1/txr/b/n' in size <12> not available
(Font)              Font shape `OT1/txr/bx/n' tried instead on input line 40.
LaTeX Font Info:    Trying to load font information for OMS+txr on input line 4
3.

(/usr/local/Cellar/texlive/20230313_2/share/texmf-dist/tex/latex/txfonts/omstxr
.fd
File: omstxr.fd 2000/12/15 v3.1
)
LaTeX Font Info:    Font shape `OMS/txr/m/n' in size <10> not available
(Font)              Font shape `OMS/txsy/m/n' tried instead on input line 43.

Underfull \hbox (badness 10000) in paragraph at lines 47--49

 []

[1

{/usr/local/Cellar/texlive/20230313_2/share/texmf-dist/fonts/map/pdftex/updmap/
pdftex.map}{/usr/local/Cellar/texlive/20230313_2/share/texmf-dist/fonts/enc/dvi
ps/base/8r.enc}] [2]
Underfull \hbox (badness 10000) in paragraph at lines 123--125

 []

(./tables/filter_design_tab.tex)
Underfull \hbox (badness 10000) in paragraph at lines 137--138

 []

[3] [4]
<figs/plot1.png, id=106, 462.528pt x 346.896pt>
File: figs/plot1.png Graphic file (type png)
<use figs/plot1.png>
Package pdftex.def Info: figs/plot1.png  used on input line 145.
(pdftex.def)             Requested size: 345.0pt x 258.76335pt.
 [5 <./figs/plot1.png>]
Underfull \hbox (badness 10000) in paragraph at lines 167--169

 []

(./tables/sk_tab.tex
LaTeX Font Info:    Font shape `OT1/txr/b/n' in size <10> not available
(Font)              Font shape `OT1/txr/bx/n' tried instead on input line 16.
)
<figs/Pole_Zero_plt.png, id=122, 462.528pt x 346.896pt>
File: figs/Pole_Zero_plt.png Graphic file (type png)
<use figs/Pole_Zero_plt.png>
Package pdftex.def Info: figs/Pole_Zero_plt.png  used on input line 187.
(pdftex.def)             Requested size: 345.0pt x 258.76335pt.
 [6]
Underfull \hbox (badness 10000) in paragraph at lines 191--192

 []


Underfull \hbox (badness 10000) in paragraph at lines 196--198

 []

<figs/Design_vs_Specification.png, id=138, 462.528pt x 346.896pt>
File: figs/Design_vs_Specification.png Graphic file (type png)
<use figs/Design_vs_Specification.png>
Package pdftex.def Info: figs/Design_vs_Specification.png  used on input line 2
10.
(pdftex.def)             Requested size: 345.0pt x 258.76335pt.
[7 <./figs/Pole_Zero_plt.png>]
Overfull \hbox (68.7106pt too wide) detected at line 236
[]
 []

[8 <./figs/Design_vs_Specification.png>]
<figs/Band_Pass_Filter.png, id=170, 462.528pt x 346.896pt>
File: figs/Band_Pass_Filter.png Graphic file (type png)
<use figs/Band_Pass_Filter.png>
Package pdftex.def Info: figs/Band_Pass_Filter.png  used on input line 243.
(pdftex.def)             Requested size: 345.0pt x 258.76335pt.

Overfull \hbox (129.8489pt too wide) detected at line 257
[]
 []

[9 <./figs/Band_Pass_Filter.png>]
<figs/Digital_BPF.png, id=182, 462.528pt x 346.896pt>
File: figs/Digital_BPF.png Graphic file (type png)
<use figs/Digital_BPF.png>
Package pdftex.def Info: figs/Digital_BPF.png  used on input line 262.
(pdftex.def)             Requested size: 345.0pt x 258.76335pt.
<figs/LPF_FIR.png, id=183, 722.7pt x 433.62pt>
File: figs/LPF_FIR.png Graphic file (type png)
<use figs/LPF_FIR.png>
Package pdftex.def Info: figs/LPF_FIR.png  used on input line 280.
(pdftex.def)             Requested size: 345.0pt x 206.9972pt.
 [10 <./figs/Digital_BPF.png>] [11 <./figs/LPF_FIR.png>]
<figs/FIR_Low_Filter.png, id=206, 462.528pt x 346.896pt>
File: figs/FIR_Low_Filter.png Graphic file (type png)
<use figs/FIR_Low_Filter.png>
Package pdftex.def Info: figs/FIR_Low_Filter.png  used on input line 344.
(pdftex.def)             Requested size: 345.0pt x 258.76335pt.
 [12 <./figs/FIR_Low_Filter.png>]
<figs/FIR_Bandpass_Filter.png, id=217, 462.528pt x 346.896pt>
File: figs/FIR_Bandpass_Filter.png Graphic file (type png)
<use figs/FIR_Bandpass_Filter.png>
Package pdftex.def Info: figs/FIR_Bandpass_Filter.png  used on input line 374.
(pdftex.def)             Requested size: 345.0pt x 258.76335pt.
 [13 <./figs/FIR_Bandpass_Filter.png>] (./main.aux)

LaTeX Warning: There were multiply-defined labels.

Package rerunfilecheck Info: File `main.out' has not changed.
(rerunfilecheck)             Checksum: BF4447DFC4ABD29A3230C381FBBF61DE;1568.
 ) 
Here is how much of TeX's memory you used:
 45434 strings out of 476025
 1072856 string characters out of 5780533
 1895388 words of memory out of 5000000
 65068 multiletter control sequences out of 15000+600000
 551471 words of font info for 125 fonts, out of 8000000 for 9000
 1144 hyphenation exceptions out of 8191
 117i,21n,118p,1172b,1227s stack positions out of 10000i,1000n,20000p,200000b,200000s
</usr/local/Cellar/texlive/20230313_2/share/texmf-dist/fonts/type1/public/txf
onts/rtcxr.pfb></usr/local/Cellar/texlive/20230313_2/share/texmf-dist/fonts/typ
e1/public/txfonts/rtxmi.pfb></usr/local/Cellar/texlive/20230313_2/share/texmf-d
ist/fonts/type1/public/txfonts/rtxr.pfb></usr/local/Cellar/texlive/20230313_2/s
hare/texmf-dist/fonts/type1/public/txfonts/txex.pfb></usr/local/Cellar/texlive/
20230313_2/share/texmf-dist/fonts/type1/public/txfonts/txsy.pfb></usr/local/Cel
lar/texlive/20230313_2/share/texmf-dist/fonts/type1/public/txfonts/txsyc.pfb></
usr/local/Cellar/texlive/20230313_2/share/texmf-dist/fonts/type1/urw/times/utmb
8a.pfb></usr/local/Cellar/texlive/20230313_2/share/texmf-dist/fonts/type1/urw/t
imes/utmr8a.pfb></usr/local/Cellar/texlive/20230313_2/share/texmf-dist/fonts/ty
pe1/urw/times/utmri8a.pfb>
Output written on main.pdf (13 pages, 313922 bytes).
PDF statistics:
 293 PDF objects out of 1000 (max. 8388607)
 240 compressed objects within 3 object streams
 107 named destinations out of 1000 (max. 500000)
 133 words of extra memory for PDF output out of 10000 (max. 10000000)

